{"/home/jeseias/www/fuerza-studio/node-challenge/src/app.ts": {"path":"/home/jeseias/www/fuerza-studio/node-challenge/src/app.ts","statementMap":{"0":{"start":{"line":1,"column":0},"end":{"line":1,"column":29}},"1":{"start":{"line":2,"column":0},"end":{"line":2,"column":23}},"2":{"start":{"line":3,"column":0},"end":{"line":3,"column":31}},"3":{"start":{"line":4,"column":0},"end":{"line":4,"column":27}},"4":{"start":{"line":5,"column":0},"end":{"line":5,"column":23}},"5":{"start":{"line":6,"column":0},"end":{"line":6,"column":41}},"6":{"start":{"line":7,"column":0},"end":{"line":7,"column":42}},"7":{"start":{"line":8,"column":0},"end":{"line":8,"column":63}},"8":{"start":{"line":9,"column":0},"end":{"line":9,"column":46}},"9":{"start":{"line":11,"column":12},"end":{"line":11,"column":21}},"10":{"start":{"line":14,"column":0},"end":{"line":14,"column":null}},"11":{"start":{"line":15,"column":0},"end":{"line":15,"column":null}},"12":{"start":{"line":17,"column":20},"end":{"line":17,"column":49}},"13":{"start":{"line":18,"column":0},"end":{"line":18,"column":null}},"14":{"start":{"line":20,"column":0},"end":{"line":20,"column":null}},"15":{"start":{"line":22,"column":0},"end":{"line":22,"column":null}},"16":{"start":{"line":23,"column":13},"end":{"line":23,"column":37}},"17":{"start":{"line":25,"column":0},"end":{"line":27,"column":null}},"18":{"start":{"line":26,"column":14},"end":{"line":26,"column":64}},"19":{"start":{"line":27,"column":18},"end":{"line":27,"column":66}},"20":{"start":{"line":29,"column":0},"end":{"line":31,"column":null}},"21":{"start":{"line":30,"column":2},"end":{"line":30,"column":null}}},"fnMap":{"0":{"name":"(anonymous_1)","decl":{"start":{"line":26,"column":8},"end":{"line":26,"column":11}},"loc":{"start":{"line":26,"column":14},"end":{"line":26,"column":64}}},"1":{"name":"(anonymous_2)","decl":{"start":{"line":27,"column":9},"end":{"line":27,"column":10}},"loc":{"start":{"line":27,"column":18},"end":{"line":27,"column":66}}},"2":{"name":"(anonymous_3)","decl":{"start":{"line":29,"column":17},"end":{"line":29,"column":20}},"loc":{"start":{"line":29,"column":22},"end":{"line":31,"column":1}}}},"branchMap":{"0":{"loc":{"start":{"line":23,"column":13},"end":{"line":23,"column":37}},"type":"binary-expr","locations":[{"start":{"line":23,"column":13},"end":{"line":23,"column":29}},{"start":{"line":23,"column":33},"end":{"line":23,"column":37}}]}},"s":{"0":0,"1":0,"2":0,"3":0,"4":0,"5":0,"6":0,"7":0,"8":0,"9":0,"10":0,"11":0,"12":0,"13":0,"14":0,"15":0,"16":0,"17":0,"18":0,"19":0,"20":0,"21":0},"f":{"0":0,"1":0,"2":0},"b":{"0":[0,0]}}
,"/home/jeseias/www/fuerza-studio/node-challenge/src/controllers/posts/add-post-controller/add-post-controller.ts": {"path":"/home/jeseias/www/fuerza-studio/node-challenge/src/controllers/posts/add-post-controller/add-post-controller.ts","statementMap":{"0":{"start":{"line":1,"column":0},"end":{"line":1,"column":80}},"1":{"start":{"line":9,"column":21},"end":{"line":9,"column":37}},"2":{"start":{"line":10,"column":21},"end":{"line":10,"column":43}},"3":{"start":{"line":14,"column":4},"end":{"line":26,"column":null}},"4":{"start":{"line":15,"column":20},"end":{"line":15,"column":62}},"5":{"start":{"line":16,"column":6},"end":{"line":16,"column":null}},"6":{"start":{"line":16,"column":17},"end":{"line":16,"column":null}},"7":{"start":{"line":17,"column":36},"end":{"line":17,"column":52}},"8":{"start":{"line":18,"column":19},"end":{"line":22,"column":8}},"9":{"start":{"line":23,"column":6},"end":{"line":23,"column":null}},"10":{"start":{"line":25,"column":6},"end":{"line":25,"column":null}},"11":{"start":{"line":7,"column":0},"end":{"line":7,"column":13}}},"fnMap":{"0":{"name":"(anonymous_7)","decl":{"start":{"line":8,"column":2},"end":{"line":8,"column":null}},"loc":{"start":{"line":10,"column":43},"end":{"line":11,"column":6}}},"1":{"name":"(anonymous_8)","decl":{"start":{"line":13,"column":8},"end":{"line":13,"column":14}},"loc":{"start":{"line":13,"column":40},"end":{"line":27,"column":null}}}},"branchMap":{"0":{"loc":{"start":{"line":16,"column":6},"end":{"line":16,"column":null}},"type":"if","locations":[{"start":{"line":16,"column":6},"end":{"line":16,"column":null}}]}},"s":{"0":1,"1":5,"2":5,"3":5,"4":5,"5":5,"6":1,"7":4,"8":4,"9":3,"10":1,"11":1},"f":{"0":5,"1":5},"b":{"0":[1]}}
,"/home/jeseias/www/fuerza-studio/node-challenge/src/controllers/posts/delete-post-controller/delete-post-controller.ts": {"path":"/home/jeseias/www/fuerza-studio/node-challenge/src/controllers/posts/delete-post-controller/delete-post-controller.ts","statementMap":{"0":{"start":{"line":1,"column":0},"end":{"line":1,"column":80}},"1":{"start":{"line":9,"column":21},"end":{"line":9,"column":51}},"2":{"start":{"line":10,"column":21},"end":{"line":10,"column":43}},"3":{"start":{"line":14,"column":4},"end":{"line":28,"column":null}},"4":{"start":{"line":15,"column":20},"end":{"line":15,"column":64}},"5":{"start":{"line":16,"column":6},"end":{"line":16,"column":null}},"6":{"start":{"line":16,"column":17},"end":{"line":16,"column":null}},"7":{"start":{"line":17,"column":21},"end":{"line":17,"column":39}},"8":{"start":{"line":18,"column":19},"end":{"line":18,"column":55}},"9":{"start":{"line":19,"column":6},"end":{"line":21,"column":null}},"10":{"start":{"line":20,"column":8},"end":{"line":20,"column":null}},"11":{"start":{"line":22,"column":6},"end":{"line":25,"column":null}},"12":{"start":{"line":27,"column":6},"end":{"line":27,"column":null}},"13":{"start":{"line":7,"column":0},"end":{"line":7,"column":13}}},"fnMap":{"0":{"name":"(anonymous_7)","decl":{"start":{"line":8,"column":2},"end":{"line":8,"column":null}},"loc":{"start":{"line":10,"column":43},"end":{"line":11,"column":6}}},"1":{"name":"(anonymous_8)","decl":{"start":{"line":13,"column":8},"end":{"line":13,"column":14}},"loc":{"start":{"line":13,"column":40},"end":{"line":29,"column":null}}}},"branchMap":{"0":{"loc":{"start":{"line":16,"column":6},"end":{"line":16,"column":null}},"type":"if","locations":[{"start":{"line":16,"column":6},"end":{"line":16,"column":null}}]},"1":{"loc":{"start":{"line":19,"column":6},"end":{"line":21,"column":null}},"type":"if","locations":[{"start":{"line":19,"column":6},"end":{"line":21,"column":null}}]}},"s":{"0":1,"1":4,"2":4,"3":4,"4":4,"5":4,"6":1,"7":3,"8":3,"9":3,"10":1,"11":2,"12":0,"13":1},"f":{"0":4,"1":4},"b":{"0":[1],"1":[1]}}
,"/home/jeseias/www/fuerza-studio/node-challenge/src/controllers/posts/get-post-controller/get-post-controller.ts": {"path":"/home/jeseias/www/fuerza-studio/node-challenge/src/controllers/posts/get-post-controller/get-post-controller.ts","statementMap":{"0":{"start":{"line":1,"column":0},"end":{"line":1,"column":80}},"1":{"start":{"line":9,"column":21},"end":{"line":9,"column":47}},"2":{"start":{"line":10,"column":21},"end":{"line":10,"column":43}},"3":{"start":{"line":14,"column":4},"end":{"line":25,"column":null}},"4":{"start":{"line":15,"column":20},"end":{"line":15,"column":64}},"5":{"start":{"line":16,"column":6},"end":{"line":16,"column":null}},"6":{"start":{"line":16,"column":17},"end":{"line":16,"column":null}},"7":{"start":{"line":17,"column":21},"end":{"line":17,"column":39}},"8":{"start":{"line":18,"column":19},"end":{"line":18,"column":54}},"9":{"start":{"line":19,"column":6},"end":{"line":21,"column":null}},"10":{"start":{"line":20,"column":8},"end":{"line":20,"column":null}},"11":{"start":{"line":22,"column":6},"end":{"line":22,"column":null}},"12":{"start":{"line":24,"column":6},"end":{"line":24,"column":null}},"13":{"start":{"line":7,"column":0},"end":{"line":7,"column":13}}},"fnMap":{"0":{"name":"(anonymous_7)","decl":{"start":{"line":8,"column":2},"end":{"line":8,"column":null}},"loc":{"start":{"line":10,"column":43},"end":{"line":11,"column":6}}},"1":{"name":"(anonymous_8)","decl":{"start":{"line":13,"column":8},"end":{"line":13,"column":14}},"loc":{"start":{"line":13,"column":40},"end":{"line":26,"column":null}}}},"branchMap":{"0":{"loc":{"start":{"line":16,"column":6},"end":{"line":16,"column":null}},"type":"if","locations":[{"start":{"line":16,"column":6},"end":{"line":16,"column":null}}]},"1":{"loc":{"start":{"line":19,"column":6},"end":{"line":21,"column":null}},"type":"if","locations":[{"start":{"line":19,"column":6},"end":{"line":21,"column":null}}]}},"s":{"0":1,"1":4,"2":4,"3":4,"4":4,"5":4,"6":1,"7":3,"8":3,"9":3,"10":1,"11":2,"12":0,"13":1},"f":{"0":4,"1":4},"b":{"0":[1],"1":[1]}}
,"/home/jeseias/www/fuerza-studio/node-challenge/src/controllers/posts/get-posts-controller/get-posts-controller.ts": {"path":"/home/jeseias/www/fuerza-studio/node-challenge/src/controllers/posts/get-posts-controller/get-posts-controller.ts","statementMap":{"0":{"start":{"line":1,"column":0},"end":{"line":1,"column":68}},"1":{"start":{"line":8,"column":21},"end":{"line":8,"column":41}},"2":{"start":{"line":12,"column":4},"end":{"line":20,"column":null}},"3":{"start":{"line":13,"column":24},"end":{"line":13,"column":35}},"4":{"start":{"line":14,"column":20},"end":{"line":14,"column":46}},"5":{"start":{"line":15,"column":19},"end":{"line":15,"column":44}},"6":{"start":{"line":16,"column":20},"end":{"line":16,"column":61}},"7":{"start":{"line":17,"column":6},"end":{"line":17,"column":null}},"8":{"start":{"line":19,"column":6},"end":{"line":19,"column":null}},"9":{"start":{"line":6,"column":0},"end":{"line":6,"column":13}}},"fnMap":{"0":{"name":"(anonymous_7)","decl":{"start":{"line":7,"column":2},"end":{"line":7,"column":null}},"loc":{"start":{"line":8,"column":41},"end":{"line":9,"column":6}}},"1":{"name":"(anonymous_8)","decl":{"start":{"line":11,"column":8},"end":{"line":11,"column":14}},"loc":{"start":{"line":11,"column":40},"end":{"line":21,"column":null}}}},"branchMap":{"0":{"loc":{"start":{"line":14,"column":29},"end":{"line":14,"column":45}},"type":"binary-expr","locations":[{"start":{"line":14,"column":29},"end":{"line":14,"column":40}},{"start":{"line":14,"column":44},"end":{"line":14,"column":45}}]},"1":{"loc":{"start":{"line":15,"column":28},"end":{"line":15,"column":43}},"type":"binary-expr","locations":[{"start":{"line":15,"column":28},"end":{"line":15,"column":38}},{"start":{"line":15,"column":42},"end":{"line":15,"column":43}}]}},"s":{"0":1,"1":3,"2":3,"3":3,"4":3,"5":3,"6":3,"7":3,"8":0,"9":1},"f":{"0":3,"1":3},"b":{"0":[3,1],"1":[3,1]}}
,"/home/jeseias/www/fuerza-studio/node-challenge/src/controllers/posts/update-post-controller/update-post-controller.ts": {"path":"/home/jeseias/www/fuerza-studio/node-challenge/src/controllers/posts/update-post-controller/update-post-controller.ts","statementMap":{"0":{"start":{"line":1,"column":0},"end":{"line":1,"column":80}},"1":{"start":{"line":9,"column":21},"end":{"line":9,"column":51}},"2":{"start":{"line":10,"column":21},"end":{"line":10,"column":43}},"3":{"start":{"line":14,"column":4},"end":{"line":33,"column":null}},"4":{"start":{"line":15,"column":21},"end":{"line":15,"column":39}},"5":{"start":{"line":16,"column":20},"end":{"line":16,"column":64}},"6":{"start":{"line":17,"column":6},"end":{"line":17,"column":null}},"7":{"start":{"line":17,"column":17},"end":{"line":17,"column":null}},"8":{"start":{"line":18,"column":36},"end":{"line":18,"column":52}},"9":{"start":{"line":19,"column":19},"end":{"line":25,"column":null}},"10":{"start":{"line":27,"column":6},"end":{"line":29,"column":null}},"11":{"start":{"line":28,"column":8},"end":{"line":28,"column":null}},"12":{"start":{"line":30,"column":6},"end":{"line":30,"column":null}},"13":{"start":{"line":32,"column":6},"end":{"line":32,"column":null}},"14":{"start":{"line":7,"column":0},"end":{"line":7,"column":13}}},"fnMap":{"0":{"name":"(anonymous_7)","decl":{"start":{"line":8,"column":2},"end":{"line":8,"column":null}},"loc":{"start":{"line":10,"column":43},"end":{"line":11,"column":6}}},"1":{"name":"(anonymous_8)","decl":{"start":{"line":13,"column":8},"end":{"line":13,"column":14}},"loc":{"start":{"line":13,"column":40},"end":{"line":34,"column":null}}}},"branchMap":{"0":{"loc":{"start":{"line":17,"column":6},"end":{"line":17,"column":null}},"type":"if","locations":[{"start":{"line":17,"column":6},"end":{"line":17,"column":null}}]},"1":{"loc":{"start":{"line":27,"column":6},"end":{"line":29,"column":null}},"type":"if","locations":[{"start":{"line":27,"column":6},"end":{"line":29,"column":null}}]}},"s":{"0":1,"1":4,"2":4,"3":4,"4":4,"5":4,"6":4,"7":1,"8":3,"9":3,"10":3,"11":1,"12":2,"13":0,"14":1},"f":{"0":4,"1":4},"b":{"0":[1],"1":[1]}}
,"/home/jeseias/www/fuerza-studio/node-challenge/src/helpers/docs/swagger-options.ts": {"path":"/home/jeseias/www/fuerza-studio/node-challenge/src/helpers/docs/swagger-options.ts","statementMap":{"0":{"start":{"line":2,"column":0},"end":{"line":2,"column":56}},"1":{"start":{"line":3,"column":0},"end":{"line":3,"column":79}},"2":{"start":{"line":4,"column":0},"end":{"line":4,"column":74}},"3":{"start":{"line":5,"column":0},"end":{"line":5,"column":58}},"4":{"start":{"line":7,"column":13},"end":{"line":35,"column":null}}},"fnMap":{},"branchMap":{},"s":{"0":0,"1":0,"2":0,"3":0,"4":0},"f":{},"b":{}}
,"/home/jeseias/www/fuerza-studio/node-challenge/src/helpers/docs/basic-info/index.ts": {"path":"/home/jeseias/www/fuerza-studio/node-challenge/src/helpers/docs/basic-info/index.ts","statementMap":{"0":{"start":{"line":3,"column":13},"end":{"line":12,"column":null}},"1":{"start":{"line":14,"column":13},"end":{"line":18,"column":null}}},"fnMap":{},"branchMap":{},"s":{"0":0,"1":0},"f":{},"b":{}}
,"/home/jeseias/www/fuerza-studio/node-challenge/src/helpers/docs/builders/build-errors.ts": {"path":"/home/jeseias/www/fuerza-studio/node-challenge/src/helpers/docs/builders/build-errors.ts","statementMap":{"0":{"start":{"line":3,"column":34},"end":{"line":12,"column":2}},"1":{"start":{"line":3,"column":69},"end":{"line":12,"column":2}},"2":{"start":{"line":3,"column":13},"end":{"line":3,"column":34}}},"fnMap":{"0":{"name":"(anonymous_0)","decl":{"start":{"line":3,"column":34},"end":{"line":3,"column":35}},"loc":{"start":{"line":3,"column":69},"end":{"line":12,"column":2}}}},"branchMap":{},"s":{"0":0,"1":0,"2":0},"f":{"0":0},"b":{}}
,"/home/jeseias/www/fuerza-studio/node-challenge/src/helpers/docs/paths/create-post.ts": {"path":"/home/jeseias/www/fuerza-studio/node-challenge/src/helpers/docs/paths/create-post.ts","statementMap":{"0":{"start":{"line":2,"column":0},"end":{"line":2,"column":61}},"1":{"start":{"line":4,"column":13},"end":{"line":52,"column":null}}},"fnMap":{},"branchMap":{},"s":{"0":0,"1":0},"f":{},"b":{}}
,"/home/jeseias/www/fuerza-studio/node-challenge/src/helpers/docs/paths/delete-post.ts": {"path":"/home/jeseias/www/fuerza-studio/node-challenge/src/helpers/docs/paths/delete-post.ts","statementMap":{"0":{"start":{"line":1,"column":0},"end":{"line":1,"column":61}},"1":{"start":{"line":3,"column":13},"end":{"line":64,"column":null}}},"fnMap":{},"branchMap":{},"s":{"0":0,"1":0},"f":{},"b":{}}
,"/home/jeseias/www/fuerza-studio/node-challenge/src/helpers/docs/paths/get-post.ts": {"path":"/home/jeseias/www/fuerza-studio/node-challenge/src/helpers/docs/paths/get-post.ts","statementMap":{"0":{"start":{"line":1,"column":0},"end":{"line":1,"column":61}},"1":{"start":{"line":3,"column":13},"end":{"line":53,"column":null}}},"fnMap":{},"branchMap":{},"s":{"0":0,"1":0},"f":{},"b":{}}
,"/home/jeseias/www/fuerza-studio/node-challenge/src/helpers/docs/paths/get-posts.ts": {"path":"/home/jeseias/www/fuerza-studio/node-challenge/src/helpers/docs/paths/get-posts.ts","statementMap":{"0":{"start":{"line":1,"column":13},"end":{"line":58,"column":null}}},"fnMap":{},"branchMap":{},"s":{"0":0},"f":{},"b":{}}
,"/home/jeseias/www/fuerza-studio/node-challenge/src/helpers/docs/paths/index.ts": {"path":"/home/jeseias/www/fuerza-studio/node-challenge/src/helpers/docs/paths/index.ts","statementMap":{"0":{"start":{"line":1,"column":0},"end":{"line":1,"column":29}},"1":{"start":{"line":2,"column":0},"end":{"line":2,"column":27}},"2":{"start":{"line":3,"column":0},"end":{"line":3,"column":26}},"3":{"start":{"line":4,"column":0},"end":{"line":4,"column":29}},"4":{"start":{"line":5,"column":0},"end":{"line":5,"column":29}}},"fnMap":{},"branchMap":{},"s":{"0":0,"1":0,"2":0,"3":0,"4":0},"f":{},"b":{}}
,"/home/jeseias/www/fuerza-studio/node-challenge/src/helpers/docs/paths/update-post.ts": {"path":"/home/jeseias/www/fuerza-studio/node-challenge/src/helpers/docs/paths/update-post.ts","statementMap":{"0":{"start":{"line":1,"column":0},"end":{"line":1,"column":61}},"1":{"start":{"line":3,"column":13},"end":{"line":64,"column":null}}},"fnMap":{},"branchMap":{},"s":{"0":0,"1":0},"f":{},"b":{}}
,"/home/jeseias/www/fuerza-studio/node-challenge/src/helpers/docs/schemas/errors.ts": {"path":"/home/jeseias/www/fuerza-studio/node-challenge/src/helpers/docs/schemas/errors.ts","statementMap":{"0":{"start":{"line":1,"column":0},"end":{"line":1,"column":61}},"1":{"start":{"line":3,"column":13},"end":{"line":3,"column":null}},"2":{"start":{"line":4,"column":13},"end":{"line":4,"column":null}}},"fnMap":{},"branchMap":{},"s":{"0":0,"1":0,"2":0},"f":{},"b":{}}
,"/home/jeseias/www/fuerza-studio/node-challenge/src/helpers/docs/schemas/post.ts": {"path":"/home/jeseias/www/fuerza-studio/node-challenge/src/helpers/docs/schemas/post.ts","statementMap":{"0":{"start":{"line":3,"column":15},"end":{"line":20,"column":null}},"1":{"start":{"line":22,"column":13},"end":{"line":32,"column":null}},"2":{"start":{"line":34,"column":13},"end":{"line":37,"column":null}},"3":{"start":{"line":39,"column":13},"end":{"line":44,"column":null}}},"fnMap":{},"branchMap":{},"s":{"0":0,"1":0,"2":0,"3":0},"f":{},"b":{}}
,"/home/jeseias/www/fuerza-studio/node-challenge/src/helpers/errors/index.ts": {"path":"/home/jeseias/www/fuerza-studio/node-challenge/src/helpers/errors/index.ts","statementMap":{"0":{"start":{"line":1,"column":0},"end":{"line":1,"column":30}},"1":{"start":{"line":2,"column":0},"end":{"line":2,"column":37}}},"fnMap":{},"branchMap":{},"s":{"0":7,"1":7},"f":{},"b":{}}
,"/home/jeseias/www/fuerza-studio/node-challenge/src/helpers/errors/missing-param-error.ts": {"path":"/home/jeseias/www/fuerza-studio/node-challenge/src/helpers/errors/missing-param-error.ts","statementMap":{"0":{"start":{"line":3,"column":4},"end":{"line":3,"column":null}},"1":{"start":{"line":5,"column":4},"end":{"line":5,"column":null}},"2":{"start":{"line":1,"column":0},"end":{"line":1,"column":13}}},"fnMap":{"0":{"name":"(anonymous_0)","decl":{"start":{"line":2,"column":2},"end":{"line":2,"column":15}},"loc":{"start":{"line":2,"column":32},"end":{"line":6,"column":3}}}},"branchMap":{},"s":{"0":5,"1":5,"2":7},"f":{"0":5},"b":{}}
,"/home/jeseias/www/fuerza-studio/node-challenge/src/helpers/errors/server-error.ts": {"path":"/home/jeseias/www/fuerza-studio/node-challenge/src/helpers/errors/server-error.ts","statementMap":{"0":{"start":{"line":3,"column":4},"end":{"line":3,"column":null}},"1":{"start":{"line":5,"column":4},"end":{"line":5,"column":null}},"2":{"start":{"line":6,"column":4},"end":{"line":6,"column":null}},"3":{"start":{"line":1,"column":0},"end":{"line":1,"column":13}}},"fnMap":{"0":{"name":"(anonymous_0)","decl":{"start":{"line":2,"column":2},"end":{"line":2,"column":15}},"loc":{"start":{"line":2,"column":28},"end":{"line":7,"column":3}}}},"branchMap":{},"s":{"0":2,"1":2,"2":2,"3":7},"f":{"0":2},"b":{}}
,"/home/jeseias/www/fuerza-studio/node-challenge/src/helpers/express/express-route-adapter.ts": {"path":"/home/jeseias/www/fuerza-studio/node-challenge/src/helpers/express/express-route-adapter.ts","statementMap":{"0":{"start":{"line":5,"column":26},"end":{"line":21,"column":1}},"1":{"start":{"line":6,"column":2},"end":{"line":20,"column":null}},"2":{"start":{"line":6,"column":47},"end":{"line":20,"column":null}},"3":{"start":{"line":7,"column":37},"end":{"line":11,"column":null}},"4":{"start":{"line":13,"column":25},"end":{"line":13,"column":61}},"5":{"start":{"line":14,"column":4},"end":{"line":19,"column":null}},"6":{"start":{"line":15,"column":6},"end":{"line":15,"column":null}},"7":{"start":{"line":17,"column":6},"end":{"line":17,"column":null}},"8":{"start":{"line":18,"column":6},"end":{"line":18,"column":null}},"9":{"start":{"line":5,"column":13},"end":{"line":5,"column":26}}},"fnMap":{"0":{"name":"(anonymous_7)","decl":{"start":{"line":5,"column":26},"end":{"line":5,"column":27}},"loc":{"start":{"line":5,"column":53},"end":{"line":21,"column":1}}},"1":{"name":"(anonymous_8)","decl":{"start":{"line":6,"column":9},"end":{"line":6,"column":16}},"loc":{"start":{"line":6,"column":47},"end":{"line":20,"column":null}}},"2":{"name":"(anonymous_9)","decl":{"start":{"line":6,"column":47},"end":{"line":6,"column":null}},"loc":{"start":{"line":6,"column":47},"end":{"line":20,"column":3}}}},"branchMap":{"0":{"loc":{"start":{"line":14,"column":4},"end":{"line":19,"column":null}},"type":"if","locations":[{"start":{"line":14,"column":4},"end":{"line":19,"column":null}},{"start":{"line":16,"column":11},"end":{"line":19,"column":null}}]}},"s":{"0":0,"1":0,"2":0,"3":0,"4":0,"5":0,"6":0,"7":0,"8":0,"9":0},"f":{"0":0,"1":0,"2":0},"b":{"0":[0,0]}}
,"/home/jeseias/www/fuerza-studio/node-challenge/src/helpers/factories/posts.ts": {"path":"/home/jeseias/www/fuerza-studio/node-challenge/src/helpers/factories/posts.ts","statementMap":{"0":{"start":{"line":2,"column":0},"end":{"line":2,"column":99}},"1":{"start":{"line":3,"column":0},"end":{"line":3,"column":99}},"2":{"start":{"line":4,"column":0},"end":{"line":4,"column":102}},"3":{"start":{"line":5,"column":0},"end":{"line":5,"column":108}},"4":{"start":{"line":6,"column":0},"end":{"line":6,"column":108}},"5":{"start":{"line":7,"column":0},"end":{"line":7,"column":85}},"6":{"start":{"line":9,"column":0},"end":{"line":9,"column":87}},"7":{"start":{"line":11,"column":37},"end":{"line":19,"column":1}},"8":{"start":{"line":12,"column":36},"end":{"line":12,"column":38}},"9":{"start":{"line":13,"column":2},"end":{"line":15,"column":null}},"10":{"start":{"line":14,"column":4},"end":{"line":14,"column":null}},"11":{"start":{"line":16,"column":20},"end":{"line":16,"column":56}},"12":{"start":{"line":17,"column":30},"end":{"line":17,"column":55}},"13":{"start":{"line":18,"column":2},"end":{"line":18,"column":null}},"14":{"start":{"line":11,"column":13},"end":{"line":11,"column":37}},"15":{"start":{"line":21,"column":37},"end":{"line":25,"column":1}},"16":{"start":{"line":22,"column":20},"end":{"line":22,"column":53}},"17":{"start":{"line":23,"column":30},"end":{"line":23,"column":55}},"18":{"start":{"line":24,"column":2},"end":{"line":24,"column":null}},"19":{"start":{"line":21,"column":13},"end":{"line":21,"column":37}},"20":{"start":{"line":27,"column":40},"end":{"line":30,"column":1}},"21":{"start":{"line":28,"column":30},"end":{"line":28,"column":55}},"22":{"start":{"line":29,"column":2},"end":{"line":29,"column":null}},"23":{"start":{"line":27,"column":13},"end":{"line":27,"column":40}},"24":{"start":{"line":32,"column":40},"end":{"line":36,"column":1}},"25":{"start":{"line":33,"column":20},"end":{"line":33,"column":53}},"26":{"start":{"line":34,"column":30},"end":{"line":34,"column":55}},"27":{"start":{"line":35,"column":2},"end":{"line":35,"column":null}},"28":{"start":{"line":32,"column":13},"end":{"line":32,"column":40}},"29":{"start":{"line":38,"column":40},"end":{"line":42,"column":1}},"30":{"start":{"line":39,"column":20},"end":{"line":39,"column":53}},"31":{"start":{"line":40,"column":30},"end":{"line":40,"column":55}},"32":{"start":{"line":41,"column":2},"end":{"line":41,"column":null}},"33":{"start":{"line":38,"column":13},"end":{"line":38,"column":40}}},"fnMap":{"0":{"name":"(anonymous_0)","decl":{"start":{"line":11,"column":37},"end":{"line":11,"column":52}},"loc":{"start":{"line":11,"column":54},"end":{"line":19,"column":1}}},"1":{"name":"(anonymous_1)","decl":{"start":{"line":21,"column":37},"end":{"line":21,"column":52}},"loc":{"start":{"line":21,"column":54},"end":{"line":25,"column":1}}},"2":{"name":"(anonymous_2)","decl":{"start":{"line":27,"column":40},"end":{"line":27,"column":55}},"loc":{"start":{"line":27,"column":57},"end":{"line":30,"column":1}}},"3":{"name":"(anonymous_3)","decl":{"start":{"line":32,"column":40},"end":{"line":32,"column":55}},"loc":{"start":{"line":32,"column":57},"end":{"line":36,"column":1}}},"4":{"name":"(anonymous_4)","decl":{"start":{"line":38,"column":40},"end":{"line":38,"column":55}},"loc":{"start":{"line":38,"column":57},"end":{"line":42,"column":1}}}},"branchMap":{},"s":{"0":0,"1":0,"2":0,"3":0,"4":0,"5":0,"6":0,"7":0,"8":0,"9":0,"10":0,"11":0,"12":0,"13":0,"14":0,"15":0,"16":0,"17":0,"18":0,"19":0,"20":0,"21":0,"22":0,"23":0,"24":0,"25":0,"26":0,"27":0,"28":0,"29":0,"30":0,"31":0,"32":0,"33":0},"f":{"0":0,"1":0,"2":0,"3":0,"4":0},"b":{}}
,"/home/jeseias/www/fuerza-studio/node-challenge/src/helpers/http/http-helpers.ts": {"path":"/home/jeseias/www/fuerza-studio/node-challenge/src/helpers/http/http-helpers.ts","statementMap":{"0":{"start":{"line":1,"column":0},"end":{"line":1,"column":50}},"1":{"start":{"line":4,"column":26},"end":{"line":7,"column":2}},"2":{"start":{"line":4,"column":59},"end":{"line":7,"column":2}},"3":{"start":{"line":4,"column":13},"end":{"line":4,"column":26}},"4":{"start":{"line":9,"column":18},"end":{"line":12,"column":2}},"5":{"start":{"line":9,"column":48},"end":{"line":12,"column":2}},"6":{"start":{"line":9,"column":13},"end":{"line":9,"column":18}},"7":{"start":{"line":14,"column":27},"end":{"line":17,"column":2}},"8":{"start":{"line":14,"column":60},"end":{"line":17,"column":2}},"9":{"start":{"line":14,"column":13},"end":{"line":14,"column":27}}},"fnMap":{"0":{"name":"(anonymous_0)","decl":{"start":{"line":4,"column":26},"end":{"line":4,"column":27}},"loc":{"start":{"line":4,"column":59},"end":{"line":7,"column":2}}},"1":{"name":"(anonymous_1)","decl":{"start":{"line":9,"column":18},"end":{"line":9,"column":19}},"loc":{"start":{"line":9,"column":48},"end":{"line":12,"column":2}}},"2":{"name":"(anonymous_2)","decl":{"start":{"line":14,"column":27},"end":{"line":14,"column":28}},"loc":{"start":{"line":14,"column":60},"end":{"line":17,"column":2}}}},"branchMap":{},"s":{"0":5,"1":5,"2":14,"3":5,"4":5,"5":14,"6":5,"7":5,"8":2,"9":5},"f":{"0":14,"1":14,"2":2},"b":{}}
,"/home/jeseias/www/fuerza-studio/node-challenge/src/helpers/mongo/mongo-helper.ts": {"path":"/home/jeseias/www/fuerza-studio/node-challenge/src/helpers/mongo/mongo-helper.ts","statementMap":{"0":{"start":{"line":3,"column":19},"end":{"line":13,"column":1}},"1":{"start":{"line":4,"column":21},"end":{"line":10,"column":6}},"2":{"start":{"line":12,"column":2},"end":{"line":12,"column":null}},"3":{"start":{"line":3,"column":13},"end":{"line":3,"column":19}}},"fnMap":{"0":{"name":"(anonymous_0)","decl":{"start":{"line":3,"column":19},"end":{"line":3,"column":20}},"loc":{"start":{"line":3,"column":44},"end":{"line":13,"column":1}}}},"branchMap":{},"s":{"0":0,"1":0,"2":0,"3":0},"f":{"0":0},"b":{}}
,"/home/jeseias/www/fuerza-studio/node-challenge/src/helpers/mongo/posts/post-mongo-repository.ts": {"path":"/home/jeseias/www/fuerza-studio/node-challenge/src/helpers/mongo/posts/post-mongo-repository.ts","statementMap":{"0":{"start":{"line":6,"column":0},"end":{"line":6,"column":69}},"1":{"start":{"line":7,"column":0},"end":{"line":7,"column":33}},"2":{"start":{"line":8,"column":0},"end":{"line":8,"column":46}},"3":{"start":{"line":12,"column":34},"end":{"line":12,"column":46}},"4":{"start":{"line":13,"column":18},"end":{"line":18,"column":6}},"5":{"start":{"line":19,"column":17},"end":{"line":19,"column":25}},"6":{"start":{"line":20,"column":4},"end":{"line":20,"column":null}},"7":{"start":{"line":24,"column":17},"end":{"line":24,"column":49}},"8":{"start":{"line":25,"column":4},"end":{"line":25,"column":null}},"9":{"start":{"line":29,"column":24},"end":{"line":29,"column":73}},"10":{"start":{"line":30,"column":18},"end":{"line":30,"column":35}},"11":{"start":{"line":31,"column":4},"end":{"line":31,"column":null}},"12":{"start":{"line":31,"column":29},"end":{"line":31,"column":50}},"13":{"start":{"line":35,"column":34},"end":{"line":35,"column":38}},"14":{"start":{"line":36,"column":17},"end":{"line":41,"column":null}},"15":{"start":{"line":43,"column":4},"end":{"line":43,"column":null}},"16":{"start":{"line":47,"column":4},"end":{"line":47,"column":null}},"17":{"start":{"line":48,"column":17},"end":{"line":50,"column":null}},"18":{"start":{"line":52,"column":4},"end":{"line":52,"column":null}},"19":{"start":{"line":10,"column":0},"end":{"line":10,"column":13}}},"fnMap":{"0":{"name":"(anonymous_13)","decl":{"start":{"line":11,"column":8},"end":{"line":11,"column":11}},"loc":{"start":{"line":11,"column":39},"end":{"line":21,"column":null}}},"1":{"name":"(anonymous_15)","decl":{"start":{"line":23,"column":8},"end":{"line":23,"column":15}},"loc":{"start":{"line":23,"column":27},"end":{"line":26,"column":null}}},"2":{"name":"(anonymous_17)","decl":{"start":{"line":28,"column":8},"end":{"line":28,"column":15}},"loc":{"start":{"line":28,"column":44},"end":{"line":32,"column":null}}},"3":{"name":"(anonymous_19)","decl":{"start":{"line":31,"column":21},"end":{"line":31,"column":25}},"loc":{"start":{"line":31,"column":29},"end":{"line":31,"column":50}}},"4":{"name":"(anonymous_20)","decl":{"start":{"line":34,"column":8},"end":{"line":34,"column":14}},"loc":{"start":{"line":34,"column":46},"end":{"line":44,"column":null}}},"5":{"name":"(anonymous_22)","decl":{"start":{"line":46,"column":8},"end":{"line":46,"column":14}},"loc":{"start":{"line":46,"column":26},"end":{"line":53,"column":null}}}},"branchMap":{},"s":{"0":0,"1":0,"2":0,"3":0,"4":0,"5":0,"6":0,"7":0,"8":0,"9":0,"10":0,"11":0,"12":0,"13":0,"14":0,"15":0,"16":0,"17":0,"18":0,"19":0},"f":{"0":0,"1":0,"2":0,"3":0,"4":0,"5":0},"b":{}}
,"/home/jeseias/www/fuerza-studio/node-challenge/src/helpers/validators/index.ts": {"path":"/home/jeseias/www/fuerza-studio/node-challenge/src/helpers/validators/index.ts","statementMap":{"0":{"start":{"line":1,"column":0},"end":{"line":1,"column":69}},"1":{"start":{"line":2,"column":0},"end":{"line":2,"column":59}}},"fnMap":{},"branchMap":{},"s":{"0":0,"1":0},"f":{},"b":{}}
,"/home/jeseias/www/fuerza-studio/node-challenge/src/helpers/validators/required-field-validation/required-field-validation.ts": {"path":"/home/jeseias/www/fuerza-studio/node-challenge/src/helpers/validators/required-field-validation/required-field-validation.ts","statementMap":{"0":{"start":{"line":1,"column":0},"end":{"line":1,"column":59}},"1":{"start":{"line":6,"column":21},"end":{"line":6,"column":38}},"2":{"start":{"line":10,"column":4},"end":{"line":12,"column":null}},"3":{"start":{"line":11,"column":6},"end":{"line":11,"column":null}},"4":{"start":{"line":4,"column":0},"end":{"line":4,"column":13}}},"fnMap":{"0":{"name":"(anonymous_0)","decl":{"start":{"line":5,"column":2},"end":{"line":5,"column":null}},"loc":{"start":{"line":6,"column":38},"end":{"line":7,"column":7}}},"1":{"name":"(anonymous_1)","decl":{"start":{"line":9,"column":2},"end":{"line":9,"column":10}},"loc":{"start":{"line":9,"column":22},"end":{"line":13,"column":3}}}},"branchMap":{"0":{"loc":{"start":{"line":10,"column":4},"end":{"line":12,"column":null}},"type":"if","locations":[{"start":{"line":10,"column":4},"end":{"line":12,"column":null}}]}},"s":{"0":1,"1":2,"2":2,"3":1,"4":1},"f":{"0":2,"1":2},"b":{"0":[1]}}
,"/home/jeseias/www/fuerza-studio/node-challenge/src/helpers/validators/validation-composite/validation-composite.ts": {"path":"/home/jeseias/www/fuerza-studio/node-challenge/src/helpers/validators/validation-composite/validation-composite.ts","statementMap":{"0":{"start":{"line":4,"column":32},"end":{"line":4,"column":57}},"1":{"start":{"line":8,"column":4},"end":{"line":13,"column":null}},"2":{"start":{"line":9,"column":20},"end":{"line":9,"column":46}},"3":{"start":{"line":10,"column":6},"end":{"line":12,"column":null}},"4":{"start":{"line":11,"column":8},"end":{"line":11,"column":null}},"5":{"start":{"line":3,"column":0},"end":{"line":3,"column":13}}},"fnMap":{"0":{"name":"(anonymous_0)","decl":{"start":{"line":4,"column":2},"end":{"line":4,"column":32}},"loc":{"start":{"line":4,"column":57},"end":{"line":5,"column":3}}},"1":{"name":"(anonymous_1)","decl":{"start":{"line":7,"column":2},"end":{"line":7,"column":10}},"loc":{"start":{"line":7,"column":22},"end":{"line":14,"column":3}}}},"branchMap":{"0":{"loc":{"start":{"line":10,"column":6},"end":{"line":12,"column":null}},"type":"if","locations":[{"start":{"line":10,"column":6},"end":{"line":12,"column":null}}]}},"s":{"0":3,"1":3,"2":5,"3":5,"4":2,"5":1},"f":{"0":3,"1":3},"b":{"0":[2]}}
,"/home/jeseias/www/fuerza-studio/node-challenge/src/models/posts.ts": {"path":"/home/jeseias/www/fuerza-studio/node-challenge/src/models/posts.ts","statementMap":{"0":{"start":{"line":1,"column":0},"end":{"line":1,"column":40}},"1":{"start":{"line":16,"column":19},"end":{"line":21,"column":2}},"2":{"start":{"line":23,"column":13},"end":{"line":23,"column":null}}},"fnMap":{},"branchMap":{},"s":{"0":0,"1":0,"2":0},"f":{},"b":{}}
,"/home/jeseias/www/fuerza-studio/node-challenge/src/routes/api/post.ts": {"path":"/home/jeseias/www/fuerza-studio/node-challenge/src/routes/api/post.ts","statementMap":{"0":{"start":{"line":1,"column":0},"end":{"line":1,"column":32}},"1":{"start":{"line":2,"column":0},"end":{"line":2,"column":72}},"2":{"start":{"line":3,"column":0},"end":{"line":3,"column":null}},"3":{"start":{"line":11,"column":19},"end":{"line":11,"column":27}},"4":{"start":{"line":24,"column":9},"end":{"line":24,"column":19}},"5":{"start":{"line":13,"column":0},"end":{"line":16,"column":null}},"6":{"start":{"line":18,"column":0},"end":{"line":22,"column":null}}},"fnMap":{},"branchMap":{},"s":{"0":0,"1":0,"2":0,"3":0,"4":0,"5":0,"6":0},"f":{},"b":{}}
}
